#
# A fatal error has been detected by the Java Runtime Environment:
#
#  EXCEPTION_ACCESS_VIOLATION (0xc0000005) at pc=0x000001e1000012e7, pid=8512, tid=23356
#
# JRE version: OpenJDK Runtime Environment Corretto-11.0.23.9.1 (11.0.23+9) (build 11.0.23+9-LTS)
# Java VM: OpenJDK 64-Bit Server VM Corretto-11.0.23.9.1 (11.0.23+9-LTS, mixed mode, tiered, compressed oops, g1 gc, windows-amd64)
# Problematic frame:
# v  ~StubRoutines::get_previous_fp
#
# No core dump will be written. Minidumps are not enabled by default on client versions of Windows
#
# If you would like to submit a bug report, please visit:
#   https://github.com/corretto/corretto-11/issues/
#

---------------  S U M M A R Y ------------

Command Line: -javaagent:C:\\Users\\ADMIN\\.m2\\repository\\org\\jacoco\\org.jacoco.agent\\0.7.2.201409121644\\org.jacoco.agent-0.7.2.201409121644-runtime.jar=destfile=D:\\cicd-kube-docker\\target\\jacoco.exec C:\Users\ADMIN\AppData\Local\Temp\surefire17915287636964493499\surefirebooter-20241217000659388_3.jar C:\Users\ADMIN\AppData\Local\Temp\surefire17915287636964493499 2024-12-17T00-06-58_638-jvmRun1 surefire-20241217000659388_1tmp surefire_0-20241217000659388_2tmp

Host: Intel(R) Core(TM) i7-1065G7 CPU @ 1.30GHz, 8 cores, 15G,  Windows 11 , 64 bit Build 22621 (10.0.22621.4391)
Time: Tue Dec 17 00:07:00 2024 SE Asia Standard Time elapsed time: 0.788715 seconds (0d 0h 0m 0s)

---------------  T H R E A D  ---------------

Current thread (0x000001e16e642000):  JavaThread "main" [_thread_in_vm, id=23356, stack(0x000000a451900000,0x000000a451a00000)]

Stack: [0x000000a451900000,0x000000a451a00000],  sp=0x000000a4519ff330,  free space=1020k
Native frames: (J=compiled Java code, j=interpreted, Vv=VM code, C=native code)
C  0x000001e1000012e7


siginfo: EXCEPTION_ACCESS_VIOLATION (0xc0000005), reading address 0x00000000000003d8


Register to memory mapping:

RIP=0x000001e1000012e7 is at begin+8 in a stub
StubRoutines::get_previous_fp [0x000001e1000012df, 0x000001e1000012ec[ (13 bytes)
RAX=0x00000000000003d8 is an unknown value
RBX=0x000000a4519ff3d0 is pointing into the stack for thread: 0x000001e16e642000
RCX=0x000000a4519ff3d0 is pointing into the stack for thread: 0x000001e16e642000
RDX=0x0 is NULL
RSP=0x000000a4519ff330 is pointing into the stack for thread: 0x000001e16e642000
RBP=0x000000a4519ff330 is pointing into the stack for thread: 0x000001e16e642000
RSI=0x0 is NULL
RDI=0x000001e16e642000 is a thread
R8 =0x000000a4519ff2a8 is pointing into the stack for thread: 0x000001e16e642000
R9 =0x0 is NULL
R10=0x0 is NULL
R11=0x000000a4519ff360 is pointing into the stack for thread: 0x000001e16e642000
R12=0x000001e16e642fa8 points into unknown readable memory: 0x0805f7ce307b327e | 7e 32 7b 30 ce f7 05 08
R13=0x000001e17f13d908 points into unknown readable memory: 0x000001e16e364650 | 50 46 36 6e e1 01 00 00
R14=0x000001e11554de40 points into unknown readable memory: 0x000001e114f41148 | 48 11 f4 14 e1 01 00 00
R15=0x000001e16e642bd0 points into unknown readable memory: 0x6e616c2e6176616a | 6a 61 76 61 2e 6c 61 6e


Registers:
RAX=0x00000000000003d8, RBX=0x000000a4519ff3d0, RCX=0x000000a4519ff3d0, RDX=0x0000000000000000
RSP=0x000000a4519ff330, RBP=0x000000a4519ff330, RSI=0x0000000000000000, RDI=0x000001e16e642000
R8 =0x000000a4519ff2a8, R9 =0x0000000000000000, R10=0x0000000000000000, R11=0x000000a4519ff360
R12=0x000001e16e642fa8, R13=0x000001e17f13d908, R14=0x000001e11554de40, R15=0x000001e16e642bd0
RIP=0x000001e1000012e7, EFLAGS=0x0000000000010202

Top of Stack: (sp=0x000000a4519ff330)
0x000000a4519ff330:   00000000000003d8 00007fff8ca35726
0x000000a4519ff340:   00007fffd5e4f550 00007fffd5e4f550
0x000000a4519ff350:   000000a4519ff3f0 000000a4519ff380
0x000000a4519ff360:   000001e16e642bc0 00007fff8c4b236c
0x000000a4519ff370:   000000a4519ff3e0 000001e16e39d220
0x000000a4519ff380:   00000000000007d0 0000000000007fd8
0x000000a4519ff390:   000001e16e642000 00007fff8cb896f1
0x000000a4519ff3a0:   000001e16e39d220 000001e16e642bc0
0x000000a4519ff3b0:   000001e16e642bc0 000001e16e368e00
0x000000a4519ff3c0:   000001e16e364a88 00007fffc652148c
0x000000a4519ff3d0:   0000000000000024 00007fffc65282d0
0x000000a4519ff3e0:   000000a4519ff430 00007fffd5e4f550
0x000000a4519ff3f0:   00007fffd5e4f550 0000000000000000
0x000000a4519ff400:   0000ef8eda7695a9 00007fffc6527ae0
0x000000a4519ff410:   000001e16e642000 00007fff8ca37e70
0x000000a4519ff420:   000001e16e642350 00007fffc65282d0 

Instructions: (pc=0x000001e1000012e7)
0x000001e1000011e7:   40 18 85 98 fe ff ff 00 62 63 35 40 18 8d 88 fe
0x000001e1000011f7:   ff ff 00 62 63 2d 40 18 95 78 fe ff ff 00 62 63
0x000001e100001207:   25 40 18 9d 68 fe ff ff 00 62 63 1d 40 18 a5 58
0x000001e100001217:   fe ff ff 00 62 63 15 40 18 ad 48 fe ff ff 00 62
0x000001e100001227:   63 0d 40 18 b5 38 fe ff ff 00 62 63 05 40 18 bd
0x000001e100001237:   28 fe ff ff 00 4c 8b 7d c8 4c 8b 75 d0 4c 8b 6d
0x000001e100001247:   d8 4c 8b 65 e0 48 8b 5d f8 48 8b 7d e8 48 8b 75
0x000001e100001257:   f0 48 81 c4 d8 01 00 00 c5 f8 77 5d c3 48 89 01
0x000001e100001267:   e9 ab fe ff ff c5 fa 11 01 e9 a2 fe ff ff c5 fb
0x000001e100001277:   11 01 e9 99 fe ff ff 49 89 47 08 49 ba e0 53 d3
0x000001e100001287:   8c ff 7f 00 00 4d 89 57 10 41 c7 47 18 da 01 00
0x000001e100001297:   00 e9 4d fe ff ff 8b c1 87 02 c3 48 8b c1 48 87
0x000001e1000012a7:   02 c3 41 8b c0 f0 0f b1 0a c3 49 0f be c0 f0 0f
0x000001e1000012b7:   b0 0a c3 49 8b c0 f0 48 0f b1 0a c3 8b c1 f0 0f
0x000001e1000012c7:   c1 0a 03 c1 c3 48 8b c1 f0 48 0f c1 0a 48 03 c1
0x000001e1000012d7:   c3 f0 83 44 24 c0 00 c3 55 48 8b ec 48 8b 45 00
0x000001e1000012e7:   48 8b 00 5d c3 48 8b c4 48 83 c0 08 c3 c3 66 66
0x000001e1000012f7:   66 0f 1f 84 00 00 00 00 00 55 48 8b ec 41 54 48
0x000001e100001307:   83 ec 28 49 b9 60 19 e9 8c ff 7f 00 00 f7 d1 41
0x000001e100001317:   bc 00 00 00 00 41 81 f8 00 01 00 00 0f 8c b5 02
0x000001e100001327:   00 00 c5 79 6e d1 62 b1 fe 48 6f 04 22 62 b1 fe
0x000001e100001337:   48 6f 64 22 01 62 d1 fd 48 ef c2 62 52 7d 48 5a
0x000001e100001347:   51 02 41 81 e8 00 01 00 00 41 81 f8 00 01 00 00
0x000001e100001357:   0f 8c 01 01 00 00 62 b1 fe 48 6f 7c 22 02 62 31
0x000001e100001367:   fe 48 6f 44 22 03 62 c2 7d 48 5a 01 41 81 e8 00
0x000001e100001377:   01 00 00 41 81 c4 00 01 00 00 62 b1 fe 48 6f 1c
0x000001e100001387:   22 62 b3 7d 48 44 c8 10 62 b3 7d 48 44 d0 01 62
0x000001e100001397:   f1 f5 48 ef c2 62 f1 fd 48 ef c3 62 b1 fe 48 6f
0x000001e1000013a7:   5c 22 01 62 b3 5d 48 44 c8 10 62 b3 5d 48 44 d0
0x000001e1000013b7:   01 62 f1 f5 48 ef e2 62 f1 dd 48 ef e3 62 b1 fe
0x000001e1000013c7:   48 6f 5c 22 02 62 b3 45 48 44 c8 10 62 b3 45 48
0x000001e1000013d7:   44 d0 01 62 f1 f5 48 ef fa 62 f1 c5 48 ef fb 62 


Stack slot to memory mapping:
stack at sp + 0 slots: 0x00000000000003d8 is an unknown value
stack at sp + 1 slots: 0x00007fff8ca35726 jvm.dll
stack at sp + 2 slots: 0x00007fffd5e4f550 ucrtbase.dll
stack at sp + 3 slots: 0x00007fffd5e4f550 ucrtbase.dll
stack at sp + 4 slots: 0x000000a4519ff3f0 is pointing into the stack for thread: 0x000001e16e642000
stack at sp + 5 slots: 0x000000a4519ff380 is pointing into the stack for thread: 0x000001e16e642000
stack at sp + 6 slots: 0x000001e16e642bc0 points into unknown readable memory: 0x000001e11554de30 | 30 de 54 15 e1 01 00 00
stack at sp + 7 slots: 0x00007fff8c4b236c jvm.dll

StubRoutines::get_previous_fp [0x000001e1000012df, 0x000001e1000012ec[ (13 bytes)
---------------  P R O C E S S  ---------------

Threads class SMR info:
_java_thread_list=0x000001e1153f8540, length=11, elements={
0x000001e16e642000, 0x000001e17fb16800, 0x000001e17fb18000, 0x000001e17fb73800,
0x000001e17fb74800, 0x000001e17f256800, 0x000001e17f257800, 0x000001e17f259000,
0x000001e17fb24800, 0x000001e17fae0800, 0x000001e1154cc000
}

Java Threads: ( => current thread )
=>0x000001e16e642000 JavaThread "main" [_thread_in_vm, id=23356, stack(0x000000a451900000,0x000000a451a00000)]
  0x000001e17fb16800 JavaThread "Reference Handler" daemon [_thread_blocked, id=3560, stack(0x000000a452000000,0x000000a452100000)]
  0x000001e17fb18000 JavaThread "Finalizer" daemon [_thread_blocked, id=9068, stack(0x000000a452100000,0x000000a452200000)]
  0x000001e17fb73800 JavaThread "Signal Dispatcher" daemon [_thread_blocked, id=308, stack(0x000000a452200000,0x000000a452300000)]
  0x000001e17fb74800 JavaThread "Attach Listener" daemon [_thread_blocked, id=19568, stack(0x000000a452300000,0x000000a452400000)]
  0x000001e17f256800 JavaThread "Service Thread" daemon [_thread_blocked, id=8792, stack(0x000000a452400000,0x000000a452500000)]
  0x000001e17f257800 JavaThread "C2 CompilerThread0" daemon [_thread_blocked, id=9260, stack(0x000000a452500000,0x000000a452600000)]
  0x000001e17f259000 JavaThread "C1 CompilerThread0" daemon [_thread_blocked, id=17260, stack(0x000000a452600000,0x000000a452700000)]
  0x000001e17fb24800 JavaThread "Sweeper thread" daemon [_thread_blocked, id=10716, stack(0x000000a452700000,0x000000a452800000)]
  0x000001e17fae0800 JavaThread "Common-Cleaner" daemon [_thread_blocked, id=11092, stack(0x000000a452800000,0x000000a452900000)]
  0x000001e1154cc000 JavaThread "C2 CompilerThread1" daemon [_thread_blocked, id=19296, stack(0x000000a452900000,0x000000a452a00000)]

Other Threads:
  0x000001e17f250800 VMThread "VM Thread" [stack: 0x000000a451f00000,0x000000a452000000] [id=11572]
  0x000001e16e65a000 GCTaskThread "GC Thread#0" [stack: 0x000000a451a00000,0x000000a451b00000] [id=10384]
  0x000001e16e6af000 ConcurrentGCThread "G1 Main Marker" [stack: 0x000000a451b00000,0x000000a451c00000] [id=7460]
  0x000001e16e6b0000 ConcurrentGCThread "G1 Conc#0" [stack: 0x000000a451c00000,0x000000a451d00000] [id=14580]
  0x000001e17f133800 ConcurrentGCThread "G1 Refine#0" [stack: 0x000000a451d00000,0x000000a451e00000] [id=20448]
  0x000001e17f134800 ConcurrentGCThread "G1 Young RemSet Sampling" [stack: 0x000000a451e00000,0x000000a451f00000] [id=10944]

Threads with active compile tasks:

VM state:not at safepoint (normal execution)

VM Mutex/Monitor currently owned by a thread: None

Heap address: 0x0000000704a00000, size: 4022 MB, Compressed Oops mode: Zero based, Oop shift amount: 3
Narrow klass base: 0x0000000800000000, Narrow klass shift: 0
Compressed class space size: 1073741824 Address: 0x0000000800000000

Heap:
 garbage-first heap   total 258048K, used 10240K [0x0000000704a00000, 0x0000000800000000)
  region size 1024K, 11 young (11264K), 0 survivors (0K)
 Metaspace       used 9776K, capacity 9873K, committed 10240K, reserved 1058816K
  class space    used 853K, capacity 904K, committed 1024K, reserved 1048576K
Heap Regions: E=young(eden), S=young(survivor), O=old, HS=humongous(starts), HC=humongous(continues), CS=collection set, F=free, A=archive, TAMS=top-at-mark-start (previous, next)
|   0|0x0000000704a00000, 0x0000000704b00000, 0x0000000704b00000|100%|HS|  |TAMS 0x0000000704a00000, 0x0000000704a00000| Complete 
|   1|0x0000000704b00000, 0x0000000704b00000, 0x0000000704c00000|  0%| F|  |TAMS 0x0000000704b00000, 0x0000000704b00000| Untracked 
|   2|0x0000000704c00000, 0x0000000704c00000, 0x0000000704d00000|  0%| F|  |TAMS 0x0000000704c00000, 0x0000000704c00000| Untracked 
|   3|0x0000000704d00000, 0x0000000704d00000, 0x0000000704e00000|  0%| F|  |TAMS 0x0000000704d00000, 0x0000000704d00000| Untracked 
|   4|0x0000000704e00000, 0x0000000704e00000, 0x0000000704f00000|  0%| F|  |TAMS 0x0000000704e00000, 0x0000000704e00000| Untracked 
|   5|0x0000000704f00000, 0x0000000704f00000, 0x0000000705000000|  0%| F|  |TAMS 0x0000000704f00000, 0x0000000704f00000| Untracked 
|   6|0x0000000705000000, 0x0000000705000000, 0x0000000705100000|  0%| F|  |TAMS 0x0000000705000000, 0x0000000705000000| Untracked 
|   7|0x0000000705100000, 0x0000000705100000, 0x0000000705200000|  0%| F|  |TAMS 0x0000000705100000, 0x0000000705100000| Untracked 
|   8|0x0000000705200000, 0x0000000705200000, 0x0000000705300000|  0%| F|  |TAMS 0x0000000705200000, 0x0000000705200000| Untracked 
|   9|0x0000000705300000, 0x0000000705300000, 0x0000000705400000|  0%| F|  |TAMS 0x0000000705300000, 0x0000000705300000| Untracked 
|  10|0x0000000705400000, 0x0000000705400000, 0x0000000705500000|  0%| F|  |TAMS 0x0000000705400000, 0x0000000705400000| Untracked 
|  11|0x0000000705500000, 0x0000000705500000, 0x0000000705600000|  0%| F|  |TAMS 0x0000000705500000, 0x0000000705500000| Untracked 
|  12|0x0000000705600000, 0x0000000705600000, 0x0000000705700000|  0%| F|  |TAMS 0x0000000705600000, 0x0000000705600000| Untracked 
|  13|0x0000000705700000, 0x0000000705700000, 0x0000000705800000|  0%| F|  |TAMS 0x0000000705700000, 0x0000000705700000| Untracked 
|  14|0x0000000705800000, 0x0000000705800000, 0x0000000705900000|  0%| F|  |TAMS 0x0000000705800000, 0x0000000705800000| Untracked 
|  15|0x0000000705900000, 0x0000000705900000, 0x0000000705a00000|  0%| F|  |TAMS 0x0000000705900000, 0x0000000705900000| Untracked 
|  16|0x0000000705a00000, 0x0000000705a00000, 0x0000000705b00000|  0%| F|  |TAMS 0x0000000705a00000, 0x0000000705a00000| Untracked 
|  17|0x0000000705b00000, 0x0000000705b00000, 0x0000000705c00000|  0%| F|  |TAMS 0x0000000705b00000, 0x0000000705b00000| Untracked 
|  18|0x0000000705c00000, 0x0000000705c00000, 0x0000000705d00000|  0%| F|  |TAMS 0x0000000705c00000, 0x0000000705c00000| Untracked 
|  19|0x0000000705d00000, 0x0000000705d00000, 0x0000000705e00000|  0%| F|  |TAMS 0x0000000705d00000, 0x0000000705d00000| Untracked 
|  20|0x0000000705e00000, 0x0000000705e00000, 0x0000000705f00000|  0%| F|  |TAMS 0x0000000705e00000, 0x0000000705e00000| Untracked 
|  21|0x0000000705f00000, 0x0000000705f00000, 0x0000000706000000|  0%| F|  |TAMS 0x0000000705f00000, 0x0000000705f00000| Untracked 
|  22|0x0000000706000000, 0x0000000706000000, 0x0000000706100000|  0%| F|  |TAMS 0x0000000706000000, 0x0000000706000000| Untracked 
|  23|0x0000000706100000, 0x0000000706100000, 0x0000000706200000|  0%| F|  |TAMS 0x0000000706100000, 0x0000000706100000| Untracked 
|  24|0x0000000706200000, 0x0000000706200000, 0x0000000706300000|  0%| F|  |TAMS 0x0000000706200000, 0x0000000706200000| Untracked 
|  25|0x0000000706300000, 0x0000000706300000, 0x0000000706400000|  0%| F|  |TAMS 0x0000000706300000, 0x0000000706300000| Untracked 
|  26|0x0000000706400000, 0x0000000706400000, 0x0000000706500000|  0%| F|  |TAMS 0x0000000706400000, 0x0000000706400000| Untracked 
|  27|0x0000000706500000, 0x0000000706500000, 0x0000000706600000|  0%| F|  |TAMS 0x0000000706500000, 0x0000000706500000| Untracked 
|  28|0x0000000706600000, 0x0000000706600000, 0x0000000706700000|  0%| F|  |TAMS 0x0000000706600000, 0x0000000706600000| Untracked 
|  29|0x0000000706700000, 0x0000000706700000, 0x0000000706800000|  0%| F|  |TAMS 0x0000000706700000, 0x0000000706700000| Untracked 
|  30|0x0000000706800000, 0x0000000706800000, 0x0000000706900000|  0%| F|  |TAMS 0x0000000706800000, 0x0000000706800000| Untracked 
|  31|0x0000000706900000, 0x0000000706900000, 0x0000000706a00000|  0%| F|  |TAMS 0x0000000706900000, 0x0000000706900000| Untracked 
|  32|0x0000000706a00000, 0x0000000706a00000, 0x0000000706b00000|  0%| F|  |TAMS 0x0000000706a00000, 0x0000000706a00000| Untracked 
|  33|0x0000000706b00000, 0x0000000706b00000, 0x0000000706c00000|  0%| F|  |TAMS 0x0000000706b00000, 0x0000000706b00000| Untracked 
|  34|0x0000000706c00000, 0x0000000706c00000, 0x0000000706d00000|  0%| F|  |TAMS 0x0000000706c00000, 0x0000000706c00000| Untracked 
|  35|0x0000000706d00000, 0x0000000706d00000, 0x0000000706e00000|  0%| F|  |TAMS 0x0000000706d00000, 0x0000000706d00000| Untracked 
|  36|0x0000000706e00000, 0x0000000706e00000, 0x0000000706f00000|  0%| F|  |TAMS 0x0000000706e00000, 0x0000000706e00000| Untracked 
|  37|0x0000000706f00000, 0x0000000706f00000, 0x0000000707000000|  0%| F|  |TAMS 0x0000000706f00000, 0x0000000706f00000| Untracked 
|  38|0x0000000707000000, 0x0000000707000000, 0x0000000707100000|  0%| F|  |TAMS 0x0000000707000000, 0x0000000707000000| Untracked 
|  39|0x0000000707100000, 0x0000000707100000, 0x0000000707200000|  0%| F|  |TAMS 0x0000000707100000, 0x0000000707100000| Untracked 
|  40|0x0000000707200000, 0x0000000707200000, 0x0000000707300000|  0%| F|  |TAMS 0x0000000707200000, 0x0000000707200000| Untracked 
|  41|0x0000000707300000, 0x0000000707300000, 0x0000000707400000|  0%| F|  |TAMS 0x0000000707300000, 0x0000000707300000| Untracked 
|  42|0x0000000707400000, 0x0000000707400000, 0x0000000707500000|  0%| F|  |TAMS 0x0000000707400000, 0x0000000707400000| Untracked 
|  43|0x0000000707500000, 0x0000000707500000, 0x0000000707600000|  0%| F|  |TAMS 0x0000000707500000, 0x0000000707500000| Untracked 
|  44|0x0000000707600000, 0x0000000707600000, 0x0000000707700000|  0%| F|  |TAMS 0x0000000707600000, 0x0000000707600000| Untracked 
|  45|0x0000000707700000, 0x0000000707700000, 0x0000000707800000|  0%| F|  |TAMS 0x0000000707700000, 0x0000000707700000| Untracked 
|  46|0x0000000707800000, 0x0000000707800000, 0x0000000707900000|  0%| F|  |TAMS 0x0000000707800000, 0x0000000707800000| Untracked 
|  47|0x0000000707900000, 0x0000000707900000, 0x0000000707a00000|  0%| F|  |TAMS 0x0000000707900000, 0x0000000707900000| Untracked 
|  48|0x0000000707a00000, 0x0000000707a00000, 0x0000000707b00000|  0%| F|  |TAMS 0x0000000707a00000, 0x0000000707a00000| Untracked 
|  49|0x0000000707b00000, 0x0000000707b00000, 0x0000000707c00000|  0%| F|  |TAMS 0x0000000707b00000, 0x0000000707b00000| Untracked 
|  50|0x0000000707c00000, 0x0000000707c00000, 0x0000000707d00000|  0%| F|  |TAMS 0x0000000707c00000, 0x0000000707c00000| Untracked 
|  51|0x0000000707d00000, 0x0000000707d00000, 0x0000000707e00000|  0%| F|  |TAMS 0x0000000707d00000, 0x0000000707d00000| Untracked 
|  52|0x0000000707e00000, 0x0000000707e00000, 0x0000000707f00000|  0%| F|  |TAMS 0x0000000707e00000, 0x0000000707e00000| Untracked 
|  53|0x0000000707f00000, 0x0000000707f00000, 0x0000000708000000|  0%| F|  |TAMS 0x0000000707f00000, 0x0000000707f00000| Untracked 
|  54|0x0000000708000000, 0x0000000708000000, 0x0000000708100000|  0%| F|  |TAMS 0x0000000708000000, 0x0000000708000000| Untracked 
|  55|0x0000000708100000, 0x0000000708100000, 0x0000000708200000|  0%| F|  |TAMS 0x0000000708100000, 0x0000000708100000| Untracked 
|  56|0x0000000708200000, 0x0000000708200000, 0x0000000708300000|  0%| F|  |TAMS 0x0000000708200000, 0x0000000708200000| Untracked 
|  57|0x0000000708300000, 0x0000000708300000, 0x0000000708400000|  0%| F|  |TAMS 0x0000000708300000, 0x0000000708300000| Untracked 
|  58|0x0000000708400000, 0x0000000708400000, 0x0000000708500000|  0%| F|  |TAMS 0x0000000708400000, 0x0000000708400000| Untracked 
|  59|0x0000000708500000, 0x0000000708500000, 0x0000000708600000|  0%| F|  |TAMS 0x0000000708500000, 0x0000000708500000| Untracked 
|  60|0x0000000708600000, 0x0000000708600000, 0x0000000708700000|  0%| F|  |TAMS 0x0000000708600000, 0x0000000708600000| Untracked 
|  61|0x0000000708700000, 0x0000000708700000, 0x0000000708800000|  0%| F|  |TAMS 0x0000000708700000, 0x0000000708700000| Untracked 
|  62|0x0000000708800000, 0x0000000708800000, 0x0000000708900000|  0%| F|  |TAMS 0x0000000708800000, 0x0000000708800000| Untracked 
|  63|0x0000000708900000, 0x0000000708900000, 0x0000000708a00000|  0%| F|  |TAMS 0x0000000708900000, 0x0000000708900000| Untracked 
|  64|0x0000000708a00000, 0x0000000708a00000, 0x0000000708b00000|  0%| F|  |TAMS 0x0000000708a00000, 0x0000000708a00000| Untracked 
|  65|0x0000000708b00000, 0x0000000708b00000, 0x0000000708c00000|  0%| F|  |TAMS 0x0000000708b00000, 0x0000000708b00000| Untracked 
|  66|0x0000000708c00000, 0x0000000708c00000, 0x0000000708d00000|  0%| F|  |TAMS 0x0000000708c00000, 0x0000000708c00000| Untracked 
|  67|0x0000000708d00000, 0x0000000708d00000, 0x0000000708e00000|  0%| F|  |TAMS 0x0000000708d00000, 0x0000000708d00000| Untracked 
|  68|0x0000000708e00000, 0x0000000708e00000, 0x0000000708f00000|  0%| F|  |TAMS 0x0000000708e00000, 0x0000000708e00000| Untracked 
|  69|0x0000000708f00000, 0x0000000708f00000, 0x0000000709000000|  0%| F|  |TAMS 0x0000000708f00000, 0x0000000708f00000| Untracked 
|  70|0x0000000709000000, 0x0000000709000000, 0x0000000709100000|  0%| F|  |TAMS 0x0000000709000000, 0x0000000709000000| Untracked 
|  71|0x0000000709100000, 0x0000000709100000, 0x0000000709200000|  0%| F|  |TAMS 0x0000000709100000, 0x0000000709100000| Untracked 
|  72|0x0000000709200000, 0x0000000709200000, 0x0000000709300000|  0%| F|  |TAMS 0x0000000709200000, 0x0000000709200000| Untracked 
|  73|0x0000000709300000, 0x0000000709300000, 0x0000000709400000|  0%| F|  |TAMS 0x0000000709300000, 0x0000000709300000| Untracked 
|  74|0x0000000709400000, 0x0000000709400000, 0x0000000709500000|  0%| F|  |TAMS 0x0000000709400000, 0x0000000709400000| Untracked 
|  75|0x0000000709500000, 0x0000000709500000, 0x0000000709600000|  0%| F|  |TAMS 0x0000000709500000, 0x0000000709500000| Untracked 
|  76|0x0000000709600000, 0x0000000709600000, 0x0000000709700000|  0%| F|  |TAMS 0x0000000709600000, 0x0000000709600000| Untracked 
|  77|0x0000000709700000, 0x0000000709700000, 0x0000000709800000|  0%| F|  |TAMS 0x0000000709700000, 0x0000000709700000| Untracked 
|  78|0x0000000709800000, 0x0000000709800000, 0x0000000709900000|  0%| F|  |TAMS 0x0000000709800000, 0x0000000709800000| Untracked 
|  79|0x0000000709900000, 0x0000000709900000, 0x0000000709a00000|  0%| F|  |TAMS 0x0000000709900000, 0x0000000709900000| Untracked 
|  80|0x0000000709a00000, 0x0000000709a00000, 0x0000000709b00000|  0%| F|  |TAMS 0x0000000709a00000, 0x0000000709a00000| Untracked 
|  81|0x0000000709b00000, 0x0000000709b00000, 0x0000000709c00000|  0%| F|  |TAMS 0x0000000709b00000, 0x0000000709b00000| Untracked 
|  82|0x0000000709c00000, 0x0000000709c00000, 0x0000000709d00000|  0%| F|  |TAMS 0x0000000709c00000, 0x0000000709c00000| Untracked 
|  83|0x0000000709d00000, 0x0000000709d00000, 0x0000000709e00000|  0%| F|  |TAMS 0x0000000709d00000, 0x0000000709d00000| Untracked 
|  84|0x0000000709e00000, 0x0000000709e00000, 0x0000000709f00000|  0%| F|  |TAMS 0x0000000709e00000, 0x0000000709e00000| Untracked 
|  85|0x0000000709f00000, 0x0000000709f00000, 0x000000070a000000|  0%| F|  |TAMS 0x0000000709f00000, 0x0000000709f00000| Untracked 
|  86|0x000000070a000000, 0x000000070a000000, 0x000000070a100000|  0%| F|  |TAMS 0x000000070a000000, 0x000000070a000000| Untracked 
|  87|0x000000070a100000, 0x000000070a100000, 0x000000070a200000|  0%| F|  |TAMS 0x000000070a100000, 0x000000070a100000| Untracked 
|  88|0x000000070a200000, 0x000000070a200000, 0x000000070a300000|  0%| F|  |TAMS 0x000000070a200000, 0x000000070a200000| Untracked 
|  89|0x000000070a300000, 0x000000070a300000, 0x000000070a400000|  0%| F|  |TAMS 0x000000070a300000, 0x000000070a300000| Untracked 
|  90|0x000000070a400000, 0x000000070a400000, 0x000000070a500000|  0%| F|  |TAMS 0x000000070a400000, 0x000000070a400000| Untracked 
|  91|0x000000070a500000, 0x000000070a500000, 0x000000070a600000|  0%| F|  |TAMS 0x000000070a500000, 0x000000070a500000| Untracked 
|  92|0x000000070a600000, 0x000000070a600000, 0x000000070a700000|  0%| F|  |TAMS 0x000000070a600000, 0x000000070a600000| Untracked 
|  93|0x000000070a700000, 0x000000070a700000, 0x000000070a800000|  0%| F|  |TAMS 0x000000070a700000, 0x000000070a700000| Untracked 
|  94|0x000000070a800000, 0x000000070a800000, 0x000000070a900000|  0%| F|  |TAMS 0x000000070a800000, 0x000000070a800000| Untracked 
|  95|0x000000070a900000, 0x000000070a900000, 0x000000070aa00000|  0%| F|  |TAMS 0x000000070a900000, 0x000000070a900000| Untracked 
|  96|0x000000070aa00000, 0x000000070aa00000, 0x000000070ab00000|  0%| F|  |TAMS 0x000000070aa00000, 0x000000070aa00000| Untracked 
|  97|0x000000070ab00000, 0x000000070ab00000, 0x000000070ac00000|  0%| F|  |TAMS 0x000000070ab00000, 0x000000070ab00000| Untracked 
|  98|0x000000070ac00000, 0x000000070ac00000, 0x000000070ad00000|  0%| F|  |TAMS 0x000000070ac00000, 0x000000070ac00000| Untracked 
|  99|0x000000070ad00000, 0x000000070ad00000, 0x000000070ae00000|  0%| F|  |TAMS 0x000000070ad00000, 0x000000070ad00000| Untracked 
| 100|0x000000070ae00000, 0x000000070ae00000, 0x000000070af00000|  0%| F|  |TAMS 0x000000070ae00000, 0x000000070ae00000| Untracked 
| 101|0x000000070af00000, 0x000000070af00000, 0x000000070b000000|  0%| F|  |TAMS 0x000000070af00000, 0x000000070af00000| Untracked 
| 102|0x000000070b000000, 0x000000070b000000, 0x000000070b100000|  0%| F|  |TAMS 0x000000070b000000, 0x000000070b000000| Untracked 
| 103|0x000000070b100000, 0x000000070b100000, 0x000000070b200000|  0%| F|  |TAMS 0x000000070b100000, 0x000000070b100000| Untracked 
| 104|0x000000070b200000, 0x000000070b200000, 0x000000070b300000|  0%| F|  |TAMS 0x000000070b200000, 0x000000070b200000| Untracked 
| 105|0x000000070b300000, 0x000000070b300000, 0x000000070b400000|  0%| F|  |TAMS 0x000000070b300000, 0x000000070b300000| Untracked 
| 106|0x000000070b400000, 0x000000070b400000, 0x000000070b500000|  0%| F|  |TAMS 0x000000070b400000, 0x000000070b400000| Untracked 
| 107|0x000000070b500000, 0x000000070b500000, 0x000000070b600000|  0%| F|  |TAMS 0x000000070b500000, 0x000000070b500000| Untracked 
| 108|0x000000070b600000, 0x000000070b600000, 0x000000070b700000|  0%| F|  |TAMS 0x000000070b600000, 0x000000070b600000| Untracked 
| 109|0x000000070b700000, 0x000000070b700000, 0x000000070b800000|  0%| F|  |TAMS 0x000000070b700000, 0x000000070b700000| Untracked 
| 110|0x000000070b800000, 0x000000070b800000, 0x000000070b900000|  0%| F|  |TAMS 0x000000070b800000, 0x000000070b800000| Untracked 
| 111|0x000000070b900000, 0x000000070b900000, 0x000000070ba00000|  0%| F|  |TAMS 0x000000070b900000, 0x000000070b900000| Untracked 
| 112|0x000000070ba00000, 0x000000070ba00000, 0x000000070bb00000|  0%| F|  |TAMS 0x000000070ba00000, 0x000000070ba00000| Untracked 
| 113|0x000000070bb00000, 0x000000070bb00000, 0x000000070bc00000|  0%| F|  |TAMS 0x000000070bb00000, 0x000000070bb00000| Untracked 
| 114|0x000000070bc00000, 0x000000070bc00000, 0x000000070bd00000|  0%| F|  |TAMS 0x000000070bc00000, 0x000000070bc00000| Untracked 
| 115|0x000000070bd00000, 0x000000070bd00000, 0x000000070be00000|  0%| F|  |TAMS 0x000000070bd00000, 0x000000070bd00000| Untracked 
| 116|0x000000070be00000, 0x000000070be00000, 0x000000070bf00000|  0%| F|  |TAMS 0x000000070be00000, 0x000000070be00000| Untracked 
| 117|0x000000070bf00000, 0x000000070bf00000, 0x000000070c000000|  0%| F|  |TAMS 0x000000070bf00000, 0x000000070bf00000| Untracked 
| 118|0x000000070c000000, 0x000000070c000000, 0x000000070c100000|  0%| F|  |TAMS 0x000000070c000000, 0x000000070c000000| Untracked 
| 119|0x000000070c100000, 0x000000070c100000, 0x000000070c200000|  0%| F|  |TAMS 0x000000070c100000, 0x000000070c100000| Untracked 
| 120|0x000000070c200000, 0x000000070c200000, 0x000000070c300000|  0%| F|  |TAMS 0x000000070c200000, 0x000000070c200000| Untracked 
| 121|0x000000070c300000, 0x000000070c300000, 0x000000070c400000|  0%| F|  |TAMS 0x000000070c300000, 0x000000070c300000| Untracked 
| 122|0x000000070c400000, 0x000000070c400000, 0x000000070c500000|  0%| F|  |TAMS 0x000000070c400000, 0x000000070c400000| Untracked 
| 123|0x000000070c500000, 0x000000070c500000, 0x000000070c600000|  0%| F|  |TAMS 0x000000070c500000, 0x000000070c500000| Untracked 
| 124|0x000000070c600000, 0x000000070c600000, 0x000000070c700000|  0%| F|  |TAMS 0x000000070c600000, 0x000000070c600000| Untracked 
| 125|0x000000070c700000, 0x000000070c700000, 0x000000070c800000|  0%| F|  |TAMS 0x000000070c700000, 0x000000070c700000| Untracked 
| 126|0x000000070c800000, 0x000000070c800000, 0x000000070c900000|  0%| F|  |TAMS 0x000000070c800000, 0x000000070c800000| Untracked 
| 127|0x000000070c900000, 0x000000070c900000, 0x000000070ca00000|  0%| F|  |TAMS 0x000000070c900000, 0x000000070c900000| Untracked 
| 128|0x000000070ca00000, 0x000000070ca00000, 0x000000070cb00000|  0%| F|  |TAMS 0x000000070ca00000, 0x000000070ca00000| Untracked 
| 129|0x000000070cb00000, 0x000000070cb00000, 0x000000070cc00000|  0%| F|  |TAMS 0x000000070cb00000, 0x000000070cb00000| Untracked 
| 130|0x000000070cc00000, 0x000000070cc00000, 0x000000070cd00000|  0%| F|  |TAMS 0x000000070cc00000, 0x000000070cc00000| Untracked 
| 131|0x000000070cd00000, 0x000000070cd00000, 0x000000070ce00000|  0%| F|  |TAMS 0x000000070cd00000, 0x000000070cd00000| Untracked 
| 132|0x000000070ce00000, 0x000000070ce00000, 0x000000070cf00000|  0%| F|  |TAMS 0x000000070ce00000, 0x000000070ce00000| Untracked 
| 133|0x000000070cf00000, 0x000000070cf00000, 0x000000070d000000|  0%| F|  |TAMS 0x000000070cf00000, 0x000000070cf00000| Untracked 
| 134|0x000000070d000000, 0x000000070d000000, 0x000000070d100000|  0%| F|  |TAMS 0x000000070d000000, 0x000000070d000000| Untracked 
| 135|0x000000070d100000, 0x000000070d100000, 0x000000070d200000|  0%| F|  |TAMS 0x000000070d100000, 0x000000070d100000| Untracked 
| 136|0x000000070d200000, 0x000000070d200000, 0x000000070d300000|  0%| F|  |TAMS 0x000000070d200000, 0x000000070d200000| Untracked 
| 137|0x000000070d300000, 0x000000070d300000, 0x000000070d400000|  0%| F|  |TAMS 0x000000070d300000, 0x000000070d300000| Untracked 
| 138|0x000000070d400000, 0x000000070d400000, 0x000000070d500000|  0%| F|  |TAMS 0x000000070d400000, 0x000000070d400000| Untracked 
| 139|0x000000070d500000, 0x000000070d500000, 0x000000070d600000|  0%| F|  |TAMS 0x000000070d500000, 0x000000070d500000| Untracked 
| 140|0x000000070d600000, 0x000000070d600000, 0x000000070d700000|  0%| F|  |TAMS 0x000000070d600000, 0x000000070d600000| Untracked 
| 141|0x000000070d700000, 0x000000070d700000, 0x000000070d800000|  0%| F|  |TAMS 0x000000070d700000, 0x000000070d700000| Untracked 
| 142|0x000000070d800000, 0x000000070d800000, 0x000000070d900000|  0%| F|  |TAMS 0x000000070d800000, 0x000000070d800000| Untracked 
| 143|0x000000070d900000, 0x000000070d900000, 0x000000070da00000|  0%| F|  |TAMS 0x000000070d900000, 0x000000070d900000| Untracked 
| 144|0x000000070da00000, 0x000000070da00000, 0x000000070db00000|  0%| F|  |TAMS 0x000000070da00000, 0x000000070da00000| Untracked 
| 145|0x000000070db00000, 0x000000070db00000, 0x000000070dc00000|  0%| F|  |TAMS 0x000000070db00000, 0x000000070db00000| Untracked 
| 146|0x000000070dc00000, 0x000000070dc00000, 0x000000070dd00000|  0%| F|  |TAMS 0x000000070dc00000, 0x000000070dc00000| Untracked 
| 147|0x000000070dd00000, 0x000000070dd00000, 0x000000070de00000|  0%| F|  |TAMS 0x000000070dd00000, 0x000000070dd00000| Untracked 
| 148|0x000000070de00000, 0x000000070de00000, 0x000000070df00000|  0%| F|  |TAMS 0x000000070de00000, 0x000000070de00000| Untracked 
| 149|0x000000070df00000, 0x000000070df00000, 0x000000070e000000|  0%| F|  |TAMS 0x000000070df00000, 0x000000070df00000| Untracked 
| 150|0x000000070e000000, 0x000000070e000000, 0x000000070e100000|  0%| F|  |TAMS 0x000000070e000000, 0x000000070e000000| Untracked 
| 151|0x000000070e100000, 0x000000070e100000, 0x000000070e200000|  0%| F|  |TAMS 0x000000070e100000, 0x000000070e100000| Untracked 
| 152|0x000000070e200000, 0x000000070e200000, 0x000000070e300000|  0%| F|  |TAMS 0x000000070e200000, 0x000000070e200000| Untracked 
| 153|0x000000070e300000, 0x000000070e300000, 0x000000070e400000|  0%| F|  |TAMS 0x000000070e300000, 0x000000070e300000| Untracked 
| 154|0x000000070e400000, 0x000000070e400000, 0x000000070e500000|  0%| F|  |TAMS 0x000000070e400000, 0x000000070e400000| Untracked 
| 155|0x000000070e500000, 0x000000070e500000, 0x000000070e600000|  0%| F|  |TAMS 0x000000070e500000, 0x000000070e500000| Untracked 
| 156|0x000000070e600000, 0x000000070e600000, 0x000000070e700000|  0%| F|  |TAMS 0x000000070e600000, 0x000000070e600000| Untracked 
| 157|0x000000070e700000, 0x000000070e700000, 0x000000070e800000|  0%| F|  |TAMS 0x000000070e700000, 0x000000070e700000| Untracked 
| 158|0x000000070e800000, 0x000000070e800000, 0x000000070e900000|  0%| F|  |TAMS 0x000000070e800000, 0x000000070e800000| Untracked 
| 159|0x000000070e900000, 0x000000070e900000, 0x000000070ea00000|  0%| F|  |TAMS 0x000000070e900000, 0x000000070e900000| Untracked 
| 160|0x000000070ea00000, 0x000000070ea00000, 0x000000070eb00000|  0%| F|  |TAMS 0x000000070ea00000, 0x000000070ea00000| Untracked 
| 161|0x000000070eb00000, 0x000000070eb00000, 0x000000070ec00000|  0%| F|  |TAMS 0x000000070eb00000, 0x000000070eb00000| Untracked 
| 162|0x000000070ec00000, 0x000000070ec00000, 0x000000070ed00000|  0%| F|  |TAMS 0x000000070ec00000, 0x000000070ec00000| Untracked 
| 163|0x000000070ed00000, 0x000000070ed00000, 0x000000070ee00000|  0%| F|  |TAMS 0x000000070ed00000, 0x000000070ed00000| Untracked 
| 164|0x000000070ee00000, 0x000000070ee00000, 0x000000070ef00000|  0%| F|  |TAMS 0x000000070ee00000, 0x000000070ee00000| Untracked 
| 165|0x000000070ef00000, 0x000000070ef00000, 0x000000070f000000|  0%| F|  |TAMS 0x000000070ef00000, 0x000000070ef00000| Untracked 
| 166|0x000000070f000000, 0x000000070f000000, 0x000000070f100000|  0%| F|  |TAMS 0x000000070f000000, 0x000000070f000000| Untracked 
| 167|0x000000070f100000, 0x000000070f100000, 0x000000070f200000|  0%| F|  |TAMS 0x000000070f100000, 0x000000070f100000| Untracked 
| 168|0x000000070f200000, 0x000000070f200000, 0x000000070f300000|  0%| F|  |TAMS 0x000000070f200000, 0x000000070f200000| Untracked 
| 169|0x000000070f300000, 0x000000070f300000, 0x000000070f400000|  0%| F|  |TAMS 0x000000070f300000, 0x000000070f300000| Untracked 
| 170|0x000000070f400000, 0x000000070f400000, 0x000000070f500000|  0%| F|  |TAMS 0x000000070f400000, 0x000000070f400000| Untracked 
| 171|0x000000070f500000, 0x000000070f500000, 0x000000070f600000|  0%| F|  |TAMS 0x000000070f500000, 0x000000070f500000| Untracked 
| 172|0x000000070f600000, 0x000000070f600000, 0x000000070f700000|  0%| F|  |TAMS 0x000000070f600000, 0x000000070f600000| Untracked 
| 173|0x000000070f700000, 0x000000070f700000, 0x000000070f800000|  0%| F|  |TAMS 0x000000070f700000, 0x000000070f700000| Untracked 
| 174|0x000000070f800000, 0x000000070f800000, 0x000000070f900000|  0%| F|  |TAMS 0x000000070f800000, 0x000000070f800000| Untracked 
| 175|0x000000070f900000, 0x000000070f900000, 0x000000070fa00000|  0%| F|  |TAMS 0x000000070f900000, 0x000000070f900000| Untracked 
| 176|0x000000070fa00000, 0x000000070fa00000, 0x000000070fb00000|  0%| F|  |TAMS 0x000000070fa00000, 0x000000070fa00000| Untracked 
| 177|0x000000070fb00000, 0x000000070fb00000, 0x000000070fc00000|  0%| F|  |TAMS 0x000000070fb00000, 0x000000070fb00000| Untracked 
| 178|0x000000070fc00000, 0x000000070fc00000, 0x000000070fd00000|  0%| F|  |TAMS 0x000000070fc00000, 0x000000070fc00000| Untracked 
| 179|0x000000070fd00000, 0x000000070fd00000, 0x000000070fe00000|  0%| F|  |TAMS 0x000000070fd00000, 0x000000070fd00000| Untracked 
| 180|0x000000070fe00000, 0x000000070fe00000, 0x000000070ff00000|  0%| F|  |TAMS 0x000000070fe00000, 0x000000070fe00000| Untracked 
| 181|0x000000070ff00000, 0x000000070ff00000, 0x0000000710000000|  0%| F|  |TAMS 0x000000070ff00000, 0x000000070ff00000| Untracked 
| 182|0x0000000710000000, 0x0000000710000000, 0x0000000710100000|  0%| F|  |TAMS 0x0000000710000000, 0x0000000710000000| Untracked 
| 183|0x0000000710100000, 0x0000000710100000, 0x0000000710200000|  0%| F|  |TAMS 0x0000000710100000, 0x0000000710100000| Untracked 
| 184|0x0000000710200000, 0x0000000710200000, 0x0000000710300000|  0%| F|  |TAMS 0x0000000710200000, 0x0000000710200000| Untracked 
| 185|0x0000000710300000, 0x0000000710300000, 0x0000000710400000|  0%| F|  |TAMS 0x0000000710300000, 0x0000000710300000| Untracked 
| 186|0x0000000710400000, 0x0000000710400000, 0x0000000710500000|  0%| F|  |TAMS 0x0000000710400000, 0x0000000710400000| Untracked 
| 187|0x0000000710500000, 0x0000000710500000, 0x0000000710600000|  0%| F|  |TAMS 0x0000000710500000, 0x0000000710500000| Untracked 
| 188|0x0000000710600000, 0x0000000710600000, 0x0000000710700000|  0%| F|  |TAMS 0x0000000710600000, 0x0000000710600000| Untracked 
| 189|0x0000000710700000, 0x0000000710700000, 0x0000000710800000|  0%| F|  |TAMS 0x0000000710700000, 0x0000000710700000| Untracked 
| 190|0x0000000710800000, 0x0000000710800000, 0x0000000710900000|  0%| F|  |TAMS 0x0000000710800000, 0x0000000710800000| Untracked 
| 191|0x0000000710900000, 0x0000000710900000, 0x0000000710a00000|  0%| F|  |TAMS 0x0000000710900000, 0x0000000710900000| Untracked 
| 192|0x0000000710a00000, 0x0000000710a00000, 0x0000000710b00000|  0%| F|  |TAMS 0x0000000710a00000, 0x0000000710a00000| Untracked 
| 193|0x0000000710b00000, 0x0000000710b00000, 0x0000000710c00000|  0%| F|  |TAMS 0x0000000710b00000, 0x0000000710b00000| Untracked 
| 194|0x0000000710c00000, 0x0000000710c00000, 0x0000000710d00000|  0%| F|  |TAMS 0x0000000710c00000, 0x0000000710c00000| Untracked 
| 195|0x0000000710d00000, 0x0000000710d00000, 0x0000000710e00000|  0%| F|  |TAMS 0x0000000710d00000, 0x0000000710d00000| Untracked 
| 196|0x0000000710e00000, 0x0000000710e00000, 0x0000000710f00000|  0%| F|  |TAMS 0x0000000710e00000, 0x0000000710e00000| Untracked 
| 197|0x0000000710f00000, 0x0000000710f00000, 0x0000000711000000|  0%| F|  |TAMS 0x0000000710f00000, 0x0000000710f00000| Untracked 
| 198|0x0000000711000000, 0x0000000711000000, 0x0000000711100000|  0%| F|  |TAMS 0x0000000711000000, 0x0000000711000000| Untracked 
| 199|0x0000000711100000, 0x0000000711100000, 0x0000000711200000|  0%| F|  |TAMS 0x0000000711100000, 0x0000000711100000| Untracked 
| 200|0x0000000711200000, 0x0000000711200000, 0x0000000711300000|  0%| F|  |TAMS 0x0000000711200000, 0x0000000711200000| Untracked 
| 201|0x0000000711300000, 0x0000000711300000, 0x0000000711400000|  0%| F|  |TAMS 0x0000000711300000, 0x0000000711300000| Untracked 
| 202|0x0000000711400000, 0x0000000711400000, 0x0000000711500000|  0%| F|  |TAMS 0x0000000711400000, 0x0000000711400000| Untracked 
| 203|0x0000000711500000, 0x0000000711500000, 0x0000000711600000|  0%| F|  |TAMS 0x0000000711500000, 0x0000000711500000| Untracked 
| 204|0x0000000711600000, 0x0000000711600000, 0x0000000711700000|  0%| F|  |TAMS 0x0000000711600000, 0x0000000711600000| Untracked 
| 205|0x0000000711700000, 0x0000000711700000, 0x0000000711800000|  0%| F|  |TAMS 0x0000000711700000, 0x0000000711700000| Untracked 
| 206|0x0000000711800000, 0x0000000711800000, 0x0000000711900000|  0%| F|  |TAMS 0x0000000711800000, 0x0000000711800000| Untracked 
| 207|0x0000000711900000, 0x0000000711900000, 0x0000000711a00000|  0%| F|  |TAMS 0x0000000711900000, 0x0000000711900000| Untracked 
| 208|0x0000000711a00000, 0x0000000711a00000, 0x0000000711b00000|  0%| F|  |TAMS 0x0000000711a00000, 0x0000000711a00000| Untracked 
| 209|0x0000000711b00000, 0x0000000711b00000, 0x0000000711c00000|  0%| F|  |TAMS 0x0000000711b00000, 0x0000000711b00000| Untracked 
| 210|0x0000000711c00000, 0x0000000711c00000, 0x0000000711d00000|  0%| F|  |TAMS 0x0000000711c00000, 0x0000000711c00000| Untracked 
| 211|0x0000000711d00000, 0x0000000711d00000, 0x0000000711e00000|  0%| F|  |TAMS 0x0000000711d00000, 0x0000000711d00000| Untracked 
| 212|0x0000000711e00000, 0x0000000711e00000, 0x0000000711f00000|  0%| F|  |TAMS 0x0000000711e00000, 0x0000000711e00000| Untracked 
| 213|0x0000000711f00000, 0x0000000711f00000, 0x0000000712000000|  0%| F|  |TAMS 0x0000000711f00000, 0x0000000711f00000| Untracked 
| 214|0x0000000712000000, 0x0000000712000000, 0x0000000712100000|  0%| F|  |TAMS 0x0000000712000000, 0x0000000712000000| Untracked 
| 215|0x0000000712100000, 0x0000000712100000, 0x0000000712200000|  0%| F|  |TAMS 0x0000000712100000, 0x0000000712100000| Untracked 
| 216|0x0000000712200000, 0x0000000712200000, 0x0000000712300000|  0%| F|  |TAMS 0x0000000712200000, 0x0000000712200000| Untracked 
| 217|0x0000000712300000, 0x0000000712300000, 0x0000000712400000|  0%| F|  |TAMS 0x0000000712300000, 0x0000000712300000| Untracked 
| 218|0x0000000712400000, 0x0000000712400000, 0x0000000712500000|  0%| F|  |TAMS 0x0000000712400000, 0x0000000712400000| Untracked 
| 219|0x0000000712500000, 0x0000000712500000, 0x0000000712600000|  0%| F|  |TAMS 0x0000000712500000, 0x0000000712500000| Untracked 
| 220|0x0000000712600000, 0x0000000712600000, 0x0000000712700000|  0%| F|  |TAMS 0x0000000712600000, 0x0000000712600000| Untracked 
| 221|0x0000000712700000, 0x0000000712700000, 0x0000000712800000|  0%| F|  |TAMS 0x0000000712700000, 0x0000000712700000| Untracked 
| 222|0x0000000712800000, 0x0000000712800000, 0x0000000712900000|  0%| F|  |TAMS 0x0000000712800000, 0x0000000712800000| Untracked 
| 223|0x0000000712900000, 0x0000000712900000, 0x0000000712a00000|  0%| F|  |TAMS 0x0000000712900000, 0x0000000712900000| Untracked 
| 224|0x0000000712a00000, 0x0000000712a00000, 0x0000000712b00000|  0%| F|  |TAMS 0x0000000712a00000, 0x0000000712a00000| Untracked 
| 225|0x0000000712b00000, 0x0000000712b00000, 0x0000000712c00000|  0%| F|  |TAMS 0x0000000712b00000, 0x0000000712b00000| Untracked 
| 226|0x0000000712c00000, 0x0000000712c00000, 0x0000000712d00000|  0%| F|  |TAMS 0x0000000712c00000, 0x0000000712c00000| Untracked 
| 227|0x0000000712d00000, 0x0000000712d00000, 0x0000000712e00000|  0%| F|  |TAMS 0x0000000712d00000, 0x0000000712d00000| Untracked 
| 228|0x0000000712e00000, 0x0000000712e00000, 0x0000000712f00000|  0%| F|  |TAMS 0x0000000712e00000, 0x0000000712e00000| Untracked 
| 229|0x0000000712f00000, 0x0000000712f00000, 0x0000000713000000|  0%| F|  |TAMS 0x0000000712f00000, 0x0000000712f00000| Untracked 
| 230|0x0000000713000000, 0x0000000713000000, 0x0000000713100000|  0%| F|  |TAMS 0x0000000713000000, 0x0000000713000000| Untracked 
| 231|0x0000000713100000, 0x0000000713100000, 0x0000000713200000|  0%| F|  |TAMS 0x0000000713100000, 0x0000000713100000| Untracked 
| 232|0x0000000713200000, 0x0000000713200000, 0x0000000713300000|  0%| F|  |TAMS 0x0000000713200000, 0x0000000713200000| Untracked 
| 233|0x0000000713300000, 0x0000000713300000, 0x0000000713400000|  0%| F|  |TAMS 0x0000000713300000, 0x0000000713300000| Untracked 
| 234|0x0000000713400000, 0x0000000713400000, 0x0000000713500000|  0%| F|  |TAMS 0x0000000713400000, 0x0000000713400000| Untracked 
| 235|0x0000000713500000, 0x0000000713500000, 0x0000000713600000|  0%| F|  |TAMS 0x0000000713500000, 0x0000000713500000| Untracked 
| 236|0x0000000713600000, 0x0000000713600000, 0x0000000713700000|  0%| F|  |TAMS 0x0000000713600000, 0x0000000713600000| Untracked 
| 237|0x0000000713700000, 0x0000000713700000, 0x0000000713800000|  0%| F|  |TAMS 0x0000000713700000, 0x0000000713700000| Untracked 
| 238|0x0000000713800000, 0x0000000713800000, 0x0000000713900000|  0%| F|  |TAMS 0x0000000713800000, 0x0000000713800000| Untracked 
| 239|0x0000000713900000, 0x0000000713900000, 0x0000000713a00000|  0%| F|  |TAMS 0x0000000713900000, 0x0000000713900000| Untracked 
| 240|0x0000000713a00000, 0x0000000713a00000, 0x0000000713b00000|  0%| F|  |TAMS 0x0000000713a00000, 0x0000000713a00000| Untracked 
| 241|0x0000000713b00000, 0x0000000713bfb660, 0x0000000713c00000| 98%| E|  |TAMS 0x0000000713b00000, 0x0000000713b00000| Complete 
| 242|0x0000000713c00000, 0x0000000713d00000, 0x0000000713d00000|100%| E|CS|TAMS 0x0000000713c00000, 0x0000000713c00000| Complete 
| 243|0x0000000713d00000, 0x0000000713e00000, 0x0000000713e00000|100%| E|CS|TAMS 0x0000000713d00000, 0x0000000713d00000| Complete 
| 244|0x0000000713e00000, 0x0000000713f00000, 0x0000000713f00000|100%| E|CS|TAMS 0x0000000713e00000, 0x0000000713e00000| Complete 
| 245|0x0000000713f00000, 0x0000000714000000, 0x0000000714000000|100%| E|CS|TAMS 0x0000000713f00000, 0x0000000713f00000| Complete 
| 246|0x0000000714000000, 0x0000000714100000, 0x0000000714100000|100%| E|CS|TAMS 0x0000000714000000, 0x0000000714000000| Complete 
| 247|0x0000000714100000, 0x0000000714200000, 0x0000000714200000|100%| E|  |TAMS 0x0000000714100000, 0x0000000714100000| Complete 
| 248|0x0000000714200000, 0x0000000714300000, 0x0000000714300000|100%| E|CS|TAMS 0x0000000714200000, 0x0000000714200000| Complete 
| 249|0x0000000714300000, 0x0000000714400000, 0x0000000714400000|100%| E|CS|TAMS 0x0000000714300000, 0x0000000714300000| Complete 
| 250|0x0000000714400000, 0x0000000714500000, 0x0000000714500000|100%| E|CS|TAMS 0x0000000714400000, 0x0000000714400000| Complete 
| 251|0x0000000714500000, 0x0000000714600000, 0x0000000714600000|100%| E|CS|TAMS 0x0000000714500000, 0x0000000714500000| Complete 

Card table byte_map: [0x000001e179830000,0x000001e17a010000] _byte_map_base: 0x000001e17600b000

Marking Bits (Prev, Next): (CMBitMap*) 0x000001e16e69e4f8, (CMBitMap*) 0x000001e16e69e530
 Prev Bits: [0x000001e17a7f0000, 0x000001e17e6c8000)
 Next Bits: [0x000001e10f000000, 0x000001e112ed8000)

Polling page: 0x000001e16e700000

Metaspace:

Usage:
  Non-class:      8.76 MB capacity,     8.71 MB (>99%) used,    37.77 KB ( <1%) free+waste,     7.81 KB ( <1%) overhead. 
      Class:    904.00 KB capacity,   853.02 KB ( 94%) used,    47.98 KB (  5%) free+waste,     3.00 KB ( <1%) overhead. 
       Both:      9.64 MB capacity,     9.55 MB (>99%) used,    85.75 KB ( <1%) free+waste,    10.81 KB ( <1%) overhead. 

Virtual space:
  Non-class space:       10.00 MB reserved,       9.00 MB ( 90%) committed 
      Class space:        1.00 GB reserved,       1.00 MB ( <1%) committed 
             Both:        1.01 GB reserved,      10.00 MB ( <1%) committed 

Chunk freelists:
   Non-Class:  55.00 KB
       Class:  24.00 KB
        Both:  79.00 KB

MaxMetaspaceSize: 17179869184.00 GB
CompressedClassSpaceSize: 1.00 GB
Initial GC threshold: 20.80 MB
Current GC threshold: 20.80 MB
CDS: off

CodeHeap 'non-profiled nmethods': size=120000Kb used=183Kb max_used=183Kb free=119816Kb
 bounds [0x000001e107ad0000, 0x000001e107d40000, 0x000001e10f000000]
CodeHeap 'profiled nmethods': size=120000Kb used=874Kb max_used=874Kb free=119126Kb
 bounds [0x000001e1005a0000, 0x000001e100810000, 0x000001e107ad0000]
CodeHeap 'non-nmethods': size=5760Kb used=1138Kb max_used=1152Kb free=4621Kb
 bounds [0x000001e100000000, 0x000001e100270000, 0x000001e1005a0000]
 total_blobs=950 nmethods=571 adapters=292
 compilation: enabled
              stopped_count=0, restarted_count=0
 full_count=0

Compilation events (20 events):
Event: 0.740 Thread 0x000001e17f259000  552       1       sun.invoke.util.Wrapper::basicTypeChar (5 bytes)
Event: 0.740 Thread 0x000001e17f259000 nmethod 552 0x000001e107afa690 code [0x000001e107afa840, 0x000001e107afa8f8]
Event: 0.740 Thread 0x000001e17f259000  553       3       jdk.internal.org.objectweb.asm.ByteVector::put12 (64 bytes)
Event: 0.740 Thread 0x000001e17f259000 nmethod 553 0x000001e100675b10 code [0x000001e100675ce0, 0x000001e100675f08]
Event: 0.740 Thread 0x000001e17f259000  554       3       java.lang.invoke.MemberName::testAllFlags (7 bytes)
Event: 0.741 Thread 0x000001e17f259000 nmethod 554 0x000001e100676090 code [0x000001e100676240, 0x000001e1006763f8]
Event: 0.741 Thread 0x000001e17f259000  555       3       java.util.regex.Pattern::has (15 bytes)
Event: 0.741 Thread 0x000001e17f259000 nmethod 555 0x000001e100676490 code [0x000001e100676640, 0x000001e100676798]
Event: 0.742 Thread 0x000001e17f259000  557       3       jdk.internal.org.objectweb.asm.Item::isEqualTo (354 bytes)
Event: 0.743 Thread 0x000001e17f259000 nmethod 557 0x000001e100676810 code [0x000001e100676a80, 0x000001e1006775a8]
Event: 0.743 Thread 0x000001e17f259000  561       3       java.util.Arrays::equals (57 bytes)
Event: 0.744 Thread 0x000001e17f259000 nmethod 561 0x000001e100677910 code [0x000001e100677b00, 0x000001e100678068]
Event: 0.744 Thread 0x000001e17f259000  563       3       java.lang.invoke.MethodType$ConcurrentWeakInternSet$WeakEntry::equals (49 bytes)
Event: 0.744 Thread 0x000001e17f259000 nmethod 563 0x000001e100678210 code [0x000001e100678400, 0x000001e100678aa8]
Event: 0.746 Thread 0x000001e17f259000  566       3       java.util.Collections$UnmodifiableCollection$1::next (10 bytes)
Event: 0.746 Thread 0x000001e17f259000 nmethod 566 0x000001e100678b90 code [0x000001e100678d40, 0x000001e100678f08]
Event: 0.746 Thread 0x000001e17f259000  568       3       sun.nio.cs.SingleByte$Encoder::encode (32 bytes)
Event: 0.746 Thread 0x000001e1154cc000  569       4       java.lang.StringBuilder::append (8 bytes)
Event: 0.746 Thread 0x000001e17f259000 nmethod 568 0x000001e100679010 code [0x000001e1006791c0, 0x000001e100679378]
Event: 0.746 Thread 0x000001e17f259000  567       3       java.lang.String::valueOf (14 bytes)

GC Heap History (0 events):
No events

Deoptimization events (20 events):
Event: 0.205 Thread 0x000001e16e642000 DEOPT PACKING pc=0x000001e1005d4e0e sp=0x000000a4519fad00
Event: 0.205 Thread 0x000001e16e642000 DEOPT UNPACKING pc=0x000001e100049d0e sp=0x000000a4519fa1a0 mode 0
Event: 0.205 Thread 0x000001e16e642000 DEOPT PACKING pc=0x000001e1005d54cb sp=0x000000a4519facd0
Event: 0.205 Thread 0x000001e16e642000 DEOPT UNPACKING pc=0x000001e100049d0e sp=0x000000a4519fa1a0 mode 0
Event: 0.208 Thread 0x000001e16e642000 DEOPT PACKING pc=0x000001e1005d54cb sp=0x000000a4519facd0
Event: 0.208 Thread 0x000001e16e642000 DEOPT UNPACKING pc=0x000001e100049d0e sp=0x000000a4519fa1a0 mode 0
Event: 0.212 Thread 0x000001e16e642000 DEOPT PACKING pc=0x000001e1005d54cb sp=0x000000a4519facd0
Event: 0.212 Thread 0x000001e16e642000 DEOPT UNPACKING pc=0x000001e100049d0e sp=0x000000a4519fa1a0 mode 0
Event: 0.213 Thread 0x000001e16e642000 DEOPT PACKING pc=0x000001e1005d54cb sp=0x000000a4519facd0
Event: 0.213 Thread 0x000001e16e642000 DEOPT UNPACKING pc=0x000001e100049d0e sp=0x000000a4519fa1a0 mode 0
Event: 0.213 Thread 0x000001e16e642000 DEOPT PACKING pc=0x000001e1005d54cb sp=0x000000a4519facd0
Event: 0.213 Thread 0x000001e16e642000 DEOPT UNPACKING pc=0x000001e100049d0e sp=0x000000a4519fa1a0 mode 0
Event: 0.238 Thread 0x000001e16e642000 Uncommon trap: trap_request=0xffffff4d fr.pc=0x000001e107adcdc0 relative=0x0000000000000cc0
Event: 0.238 Thread 0x000001e16e642000 Uncommon trap: reason=unstable_if action=reinterpret pc=0x000001e107adcdc0 method=java.util.HashMap.putVal(ILjava/lang/Object;Ljava/lang/Object;ZZ)Ljava/lang/Object; @ 181 c2
Event: 0.238 Thread 0x000001e16e642000 DEOPT PACKING pc=0x000001e107adcdc0 sp=0x000000a4519fe780
Event: 0.238 Thread 0x000001e16e642000 DEOPT UNPACKING pc=0x000001e1000085af sp=0x000000a4519fe720 mode 2
Event: 0.370 Thread 0x000001e16e642000 Uncommon trap: trap_request=0xffffff4d fr.pc=0x000001e107ae6d30 relative=0x0000000000000170
Event: 0.370 Thread 0x000001e16e642000 Uncommon trap: reason=unstable_if action=reinterpret pc=0x000001e107ae6d30 method=java.util.zip.ZipFile$Source.isMetaName([BII)Z @ 43 c2
Event: 0.370 Thread 0x000001e16e642000 DEOPT PACKING pc=0x000001e107ae6d30 sp=0x000000a4519fad00
Event: 0.370 Thread 0x000001e16e642000 DEOPT UNPACKING pc=0x000001e1000085af sp=0x000000a4519faca8 mode 2

Classes redefined (0 events):
No events

Internal exceptions (1 events):
Event: 0.745 Thread 0x000001e16e642000 Exception <a 'java/lang/reflect/InvocationTargetException'{0x0000000713bd45c0}> (0x0000000713bd45c0) thrown at [s\src\hotspot\share\runtime\reflection.cpp, line 1245]

Events (20 events):
Event: 0.744 loading class java/util/Formatter$FixedString
Event: 0.744 loading class java/util/Formatter$FormatString
Event: 0.744 loading class java/util/Formatter$FormatString done
Event: 0.744 loading class java/util/Formatter$FixedString done
Event: 0.744 loading class java/util/Formatter$FormatSpecifier
Event: 0.744 loading class java/util/Formatter$FormatSpecifier done
Event: 0.745 loading class java/util/Formatter$Flags
Event: 0.745 loading class java/util/Formatter$Flags done
Event: 0.745 loading class java/util/Formatter$Conversion
Event: 0.745 loading class java/util/Formatter$Conversion done
Event: 0.745 loading class java/util/Formattable
Event: 0.745 loading class java/util/Formattable done
Event: 0.745 loading class java/lang/reflect/InvocationTargetException
Event: 0.745 loading class java/lang/reflect/InvocationTargetException done
Event: 0.745 loading class java/lang/Throwable$WrappedPrintStream
Event: 0.745 loading class java/lang/Throwable$PrintStreamOrWriter
Event: 0.745 loading class java/lang/Throwable$PrintStreamOrWriter done
Event: 0.745 loading class java/lang/Throwable$WrappedPrintStream done
Event: 0.746 loading class java/lang/StackTraceElement$HashedModules
Event: 0.746 loading class java/lang/StackTraceElement$HashedModules done


Dynamic libraries:
0x00007ff7a2360000 - 0x00007ff7a236e000 	C:\Program Files\Amazon Corretto\jdk11.0.23_9\bin\java.exe
0x00007fffd8930000 - 0x00007fffd8b47000 	C:\WINDOWS\SYSTEM32\ntdll.dll
0x00007fffd7f10000 - 0x00007fffd7fd4000 	C:\WINDOWS\System32\KERNEL32.DLL
0x00007fffd5fe0000 - 0x00007fffd639a000 	C:\WINDOWS\System32\KERNELBASE.dll
0x00007fffd5d50000 - 0x00007fffd5e61000 	C:\WINDOWS\System32\ucrtbase.dll
0x00007fffd1c80000 - 0x00007fffd1c9b000 	C:\Program Files\Amazon Corretto\jdk11.0.23_9\bin\VCRUNTIME140.dll
0x00007fffd1840000 - 0x00007fffd1857000 	C:\Program Files\Amazon Corretto\jdk11.0.23_9\bin\jli.dll
0x00007fffd6c00000 - 0x00007fffd6dae000 	C:\WINDOWS\System32\USER32.dll
0x00007fffb6a60000 - 0x00007fffb6cf2000 	C:\WINDOWS\WinSxS\amd64_microsoft.windows.common-controls_6595b64144ccf1df_6.0.22621.4541_none_2710d1c57384c085\COMCTL32.dll
0x00007fffd5c00000 - 0x00007fffd5c26000 	C:\WINDOWS\System32\win32u.dll
0x00007fffd7db0000 - 0x00007fffd7e57000 	C:\WINDOWS\System32\msvcrt.dll
0x00007fffd88c0000 - 0x00007fffd88e9000 	C:\WINDOWS\System32\GDI32.dll
0x00007fffd5c30000 - 0x00007fffd5d4b000 	C:\WINDOWS\System32\gdi32full.dll
0x00007fffd63a0000 - 0x00007fffd643a000 	C:\WINDOWS\System32\msvcp_win.dll
0x00007fffd81d0000 - 0x00007fffd8201000 	C:\WINDOWS\System32\IMM32.DLL
0x00007fffd1a60000 - 0x00007fffd1a6c000 	C:\Program Files\Amazon Corretto\jdk11.0.23_9\bin\vcruntime140_1.dll
0x00007fffc3f80000 - 0x00007fffc400d000 	C:\Program Files\Amazon Corretto\jdk11.0.23_9\bin\msvcp140.dll
0x00007fff8c3f0000 - 0x00007fff8cfb4000 	C:\Program Files\Amazon Corretto\jdk11.0.23_9\bin\server\jvm.dll
0x00007fffd6b40000 - 0x00007fffd6bf2000 	C:\WINDOWS\System32\ADVAPI32.dll
0x00007fffd6800000 - 0x00007fffd68a7000 	C:\WINDOWS\System32\sechost.dll
0x00007fffd5fb0000 - 0x00007fffd5fd8000 	C:\WINDOWS\System32\bcrypt.dll
0x00007fffd7000000 - 0x00007fffd7114000 	C:\WINDOWS\System32\RPCRT4.dll
0x00007fffd6e20000 - 0x00007fffd6e28000 	C:\WINDOWS\System32\PSAPI.DLL
0x00007fffbac10000 - 0x00007fffbac19000 	C:\WINDOWS\SYSTEM32\WSOCK32.dll
0x00007fffd1830000 - 0x00007fffd183a000 	C:\WINDOWS\SYSTEM32\VERSION.dll
0x00007fffd7e70000 - 0x00007fffd7ee1000 	C:\WINDOWS\System32\WS2_32.dll
0x00007fffd2530000 - 0x00007fffd2564000 	C:\WINDOWS\SYSTEM32\WINMM.dll
0x00007fffd4c00000 - 0x00007fffd4c18000 	C:\WINDOWS\SYSTEM32\kernel.appcore.dll
0x00007fffd0950000 - 0x00007fffd0960000 	C:\Program Files\Amazon Corretto\jdk11.0.23_9\bin\verify.dll
0x00007fffd3680000 - 0x00007fffd38b2000 	C:\WINDOWS\SYSTEM32\DBGHELP.DLL
0x00007fffd7120000 - 0x00007fffd74af000 	C:\WINDOWS\System32\combase.dll
0x00007fffd8090000 - 0x00007fffd8167000 	C:\WINDOWS\System32\OLEAUT32.dll
0x00007fffd2570000 - 0x00007fffd25a2000 	C:\WINDOWS\SYSTEM32\dbgcore.DLL
0x00007fffd65b0000 - 0x00007fffd662b000 	C:\WINDOWS\System32\bcryptPrimitives.dll
0x00007fffd0280000 - 0x00007fffd02a8000 	C:\Program Files\Amazon Corretto\jdk11.0.23_9\bin\java.dll
0x00007fffce950000 - 0x00007fffce95a000 	C:\Program Files\Amazon Corretto\jdk11.0.23_9\bin\jimage.dll
0x00007fffc6520000 - 0x00007fffc652e000 	C:\Program Files\Amazon Corretto\jdk11.0.23_9\bin\instrument.dll
0x00007fffce930000 - 0x00007fffce948000 	C:\Program Files\Amazon Corretto\jdk11.0.23_9\bin\zip.dll
0x00007fffd74b0000 - 0x00007fffd7d28000 	C:\WINDOWS\System32\SHELL32.dll
0x00007fffd3af0000 - 0x00007fffd43f8000 	C:\WINDOWS\SYSTEM32\windows.storage.dll
0x00007fffd39b0000 - 0x00007fffd3aef000 	C:\WINDOWS\SYSTEM32\wintypes.dll
0x00007fffd6a40000 - 0x00007fffd6b3a000 	C:\WINDOWS\System32\SHCORE.dll
0x00007fffd7fe0000 - 0x00007fffd803e000 	C:\WINDOWS\System32\shlwapi.dll
0x00007fffd5b30000 - 0x00007fffd5b5b000 	C:\WINDOWS\SYSTEM32\profapi.dll
0x00007fffcd950000 - 0x00007fffcd969000 	C:\Program Files\Amazon Corretto\jdk11.0.23_9\bin\net.dll
0x00007fffd1260000 - 0x00007fffd1396000 	C:\WINDOWS\SYSTEM32\WINHTTP.dll
0x00007fffd5070000 - 0x00007fffd50d9000 	C:\WINDOWS\system32\mswsock.dll
0x00007fffc6530000 - 0x00007fffc6542000 	C:\Program Files\Amazon Corretto\jdk11.0.23_9\bin\nio.dll
0x00007fffb6140000 - 0x00007fffb6157000 	C:\WINDOWS\system32\napinsp.dll
0x00007fffb11f0000 - 0x00007fffb120b000 	C:\WINDOWS\system32\pnrpnsp.dll
0x00007fffd46d0000 - 0x00007fffd47d2000 	C:\WINDOWS\SYSTEM32\DNSAPI.dll
0x00007fffd46a0000 - 0x00007fffd46cd000 	C:\WINDOWS\SYSTEM32\IPHLPAPI.DLL
0x00007fffd6ff0000 - 0x00007fffd6ff9000 	C:\WINDOWS\System32\NSI.dll
0x00007fffb0dc0000 - 0x00007fffb0dd1000 	C:\WINDOWS\System32\winrnr.dll
0x00007fffb0da0000 - 0x00007fffb0db5000 	C:\WINDOWS\system32\wshbth.dll
0x00007fffb0d70000 - 0x00007fffb0d97000 	C:\WINDOWS\system32\nlansp_c.dll
0x00000000618e0000 - 0x0000000061906000 	C:\Program Files\Bonjour\mdnsNSP.dll
0x00007fffcda10000 - 0x00007fffcda1a000 	C:\Windows\System32\rasadhlp.dll
0x00007fffce960000 - 0x00007fffce9e3000 	C:\WINDOWS\System32\fwpuclnt.dll

dbghelp: loaded successfully - version: 4.0.5 - missing functions: none
symbol engine: initialized successfully - sym options: 0x614 - pdb path: .;C:\Program Files\Amazon Corretto\jdk11.0.23_9\bin;C:\WINDOWS\SYSTEM32;C:\WINDOWS\WinSxS\amd64_microsoft.windows.common-controls_6595b64144ccf1df_6.0.22621.4541_none_2710d1c57384c085;C:\Program Files\Amazon Corretto\jdk11.0.23_9\bin\server;C:\Program Files\Bonjour

VM Arguments:
jvm_args: -javaagent:C:\\Users\\ADMIN\\.m2\\repository\\org\\jacoco\\org.jacoco.agent\\0.7.2.201409121644\\org.jacoco.agent-0.7.2.201409121644-runtime.jar=destfile=D:\\cicd-kube-docker\\target\\jacoco.exec 
java_command: C:\Users\ADMIN\AppData\Local\Temp\surefire17915287636964493499\surefirebooter-20241217000659388_3.jar C:\Users\ADMIN\AppData\Local\Temp\surefire17915287636964493499 2024-12-17T00-06-58_638-jvmRun1 surefire-20241217000659388_1tmp surefire_0-20241217000659388_2tmp
java_class_path (initial): C:\Users\ADMIN\AppData\Local\Temp\surefire17915287636964493499\surefirebooter-20241217000659388_3.jar
Launcher Type: SUN_STANDARD

[Global flags]
     intx CICompilerCount                          = 4                                         {product} {ergonomic}
     uint ConcGCThreads                            = 2                                         {product} {ergonomic}
     uint G1ConcRefinementThreads                  = 8                                         {product} {ergonomic}
   size_t G1HeapRegionSize                         = 1048576                                   {product} {ergonomic}
    uintx GCDrainStackTargetSize                   = 64                                        {product} {ergonomic}
   size_t InitialHeapSize                          = 264241152                                 {product} {ergonomic}
   size_t MarkStackSize                            = 4194304                                   {product} {ergonomic}
   size_t MaxHeapSize                              = 4217372672                                {product} {ergonomic}
   size_t MaxNewSize                               = 2530213888                                {product} {ergonomic}
   size_t MinHeapDeltaBytes                        = 1048576                                   {product} {ergonomic}
    uintx NonNMethodCodeHeapSize                   = 5836300                                {pd product} {ergonomic}
    uintx NonProfiledCodeHeapSize                  = 122910970                              {pd product} {ergonomic}
    uintx ProfiledCodeHeapSize                     = 122910970                              {pd product} {ergonomic}
    uintx ReservedCodeCacheSize                    = 251658240                              {pd product} {ergonomic}
     bool SegmentedCodeCache                       = true                                      {product} {ergonomic}
     bool UseCompressedClassPointers               = true                                 {lp64_product} {ergonomic}
     bool UseCompressedOops                        = true                                 {lp64_product} {ergonomic}
     bool UseG1GC                                  = true                                      {product} {ergonomic}
     bool UseLargePagesIndividualAllocation        = false                                  {pd product} {ergonomic}

Logging:
Log output configuration:
 #0: stdout all=warning uptime,level,tags
 #1: stderr all=off uptime,level,tags

Environment Variables:
JAVA_HOME=C:/Program Files/Amazon Corretto/jdk11.0.23_9
PATH=C:\Users\ADMIN\bin;C:\Program Files\Git\mingw64\bin;C:\Program Files\Git\usr\local\bin;C:\Program Files\Git\usr\bin;C:\Program Files\Git\usr\bin;C:\Program Files\Git\mingw64\bin;C:\Program Files\Git\usr\bin;C:\Users\ADMIN\bin;C:\Program Files\Amazon Corretto\jdk11.0.23_9\bin;C:\Program Files\Common Files\Oracle\Java\javapath;C:\Java\bin;C:\WINDOWS\system32;C:\WINDOWS;C:\WINDOWS\System32\Wbem;C:\WINDOWS\System32\WindowsPowerShell\v1.0;C:\WINDOWS\System32\OpenSSH;C:\Program Files (x86)\Microsoft SQL Server\160\Tools\Binn;C:\Program Files\Microsoft SQL Server\160\Tools\Binn;C:\Program Files\Microsoft SQL Server\Client SDK\ODBC\170\Tools\Binn;C:\Program Files\Microsoft SQL Server\160\DTS\Binn;C:\Program Files\Azure Data Studio\bin;C:\Program Files\nodejs;C:\MinGW\bin;C:\Program Files\dotnet;C:\ProgramData\chocolatey\bin;C:\HashiCorp\Vagrant\bin;C:\Program Files\Git\cmd;C:\ProgramData\chocolatey\lib\maven\apache-maven-3.9.8\bin;C:\Program Files\Amazon\AWSCLIV2;C:\Users\ADMIN\AppData\Local\Programs\Python\Python313\Scripts;C:\Users\ADMIN\AppData\Local\Programs\Python\Python313;C:\Users\ADMIN\AppData\Local\Programs\Python\Launcher;C:\Users\ADMIN\AppData\Local\Microsoft\WindowsApps;C:\CTOOLS\bin;C:\CTOOLS\mingw32\bin;C:\Program Files\Azure Data Studio\bin;C:\Users\ADMIN\AppData\Local\Programs\Microsoft VS Code\bin;C:\Users\ADMIN\AppData\Roaming\npm;C:\Users\ADMIN\.dotnet\tools;C:\Users\ADMIN\AppData\Local\Programs\Azure Data Studio\bin;C:\Program Files\Oracle\VirtualBox;C:\Program Files\JetBrains\PyCharm Community Edition 2024.2.3\bin;C:\Program Files\Git\usr\bin\vendor_perl;C:\Program Files\Git\usr\bin\core_perl
USERNAME=ADMIN
SHELL=C:\Program Files\Git\usr\bin\bash.exe
DISPLAY=needs-to-be-defined
LANG=en_US.UTF-8
LC_CTYPE=en_US.UTF-8
TERM=xterm
TMPDIR=C:\Users\ADMIN\AppData\Local\Temp
OS=Windows_NT
PROCESSOR_IDENTIFIER=Intel64 Family 6 Model 126 Stepping 5, GenuineIntel
TMP=C:\Users\ADMIN\AppData\Local\Temp
TEMP=C:\Users\ADMIN\AppData\Local\Temp



---------------  S Y S T E M  ---------------

OS: Windows 11 , 64 bit Build 22621 (10.0.22621.4391)
OS uptime: 2 days 12:33 hours
Hyper-V role detected

CPU:total 8 (initial active 8) (4 cores per cpu, 2 threads per core) family 6 model 126 stepping 5 microcode 0x86, cmov, cx8, fxsr, mmx, sse, sse2, sse3, ssse3, sse4.1, sse4.2, popcnt, avx, avx2, aes, clmul, erms, 3dnowpref, lzcnt, ht, tsc, tscinvbit, bmi1, bmi2, adx, evex, sha, fma

Memory: 4k page, system-wide physical 16086M (7450M free)
TotalPageFile size 18774M (AvailPageFile size 7398M)
current process WorkingSet (physical memory assigned to process): 63M, peak: 63M
current process commit charge ("private bytes"): 347M, peak: 347M

vm_info: OpenJDK 64-Bit Server VM (11.0.23+9-LTS) for windows-amd64 JRE (11.0.23+9-LTS), built on Apr 10 2024 18:40:41 by "Administrator" with MS VC++ 16.10 / 16.11 (VS2019)

END.
